<?xml version="1.0" encoding="UTF-8"?>
<!-- Generated by org.testng.reporters.JUnitReportReporter -->
<testsuite skipped="0" hostname="LAPTOP-JSFL0IM0" name="TestCases.ThinkitiveTest.Assignment2" tests="2" failures="0" timestamp="2020-10-26T00:49:28 IST" time="13.096" errors="0">
  <testcase name="init" time="7.925" classname="TestCases.ThinkitiveTest.Assignment2"/>
  <system-out/>
  <testcase name="searchProduct" time="5.171" classname="TestCases.ThinkitiveTest.Assignment2"/>
  <system-out/>
</testsuite> <!-- TestCases.ThinkitiveTest.Assignment2 -->
